maxyatna = 11
maxsthana = 5
ikanthya = 1
italavya = 2
imurdhanya = 3
idantya = 4
iosthya = 5
ihrasva = 1
idirgha = 2
iguna = 3
ivrddhi = 4
isparsa1 = 5
isparsa2 = 6
isparsa3 = 7
isparsa4 = 8
isparsa5 = 9
iantahstha = 10
iusmana = 11
Soundary[1][1] = a
Soundary[1][2] = A
Soundary[1][3] = a
Soundary[1][4] = A
Soundary[1][5] = k
Soundary[1][6] = K
Soundary[1][7] = g
Soundary[1][8] = G
Soundary[1][9] = N
Soundary[1][10] = h
Soundary[1][11] = »
Soundary[2][1] = i
Soundary[2][2] = I
Soundary[2][3] = e
Soundary[2][4] = E
Soundary[2][5] = c
Soundary[2][6] = C
Soundary[2][7] = j
Soundary[2][8] = J
Soundary[2][9] = Y
Soundary[2][10] = y
Soundary[2][11] = S
Soundary[3][1] = f
Soundary[3][2] = F
Soundary[3][3] = a
Soundary[3][4] = A
Soundary[3][5] = w
Soundary[3][6] = W
Soundary[3][7] = q
Soundary[3][8] = Q
Soundary[3][9] = R
Soundary[3][10] = r
Soundary[3][11] = z
Soundary[4][1] = x
Soundary[4][2] = X
Soundary[4][3] = a
Soundary[4][4] = A
Soundary[4][5] = t
Soundary[4][6] = T
Soundary[4][7] = d
Soundary[4][8] = D
Soundary[4][9] = n
Soundary[4][10] = l
Soundary[4][11] = s
Soundary[5][1] = u
Soundary[5][2] = U
Soundary[5][3] = o
Soundary[5][4] = O
Soundary[5][5] = p
Soundary[5][6] = P
Soundary[5][7] = b
Soundary[5][8] = B
Soundary[5][9] = m
Soundary[5][10] = v
Soundary[5][11] = ¹
